[debug] [2021-05-12T20:44:09.234Z] ----------------------------------------------------------------------
[debug] [2021-05-12T20:44:09.236Z] Command:       /home/priyankrastogi/.nvm/versions/node/v16.0.0/bin/node /home/priyankrastogi/.nvm/versions/node/v16.0.0/bin/firebase init
[debug] [2021-05-12T20:44:09.236Z] CLI Version:   9.10.2
[debug] [2021-05-12T20:44:09.236Z] Platform:      linux
[debug] [2021-05-12T20:44:09.237Z] Node Version:  v16.0.0
[debug] [2021-05-12T20:44:09.237Z] Time:          Thu May 13 2021 02:14:09 GMT+0530 (India Standard Time)
[debug] [2021-05-12T20:44:09.237Z] ----------------------------------------------------------------------
[debug] 
[debug] [2021-05-12T20:44:09.241Z] > command requires scopes: ["email","openid","https://www.googleapis.com/auth/cloudplatformprojects.readonly","https://www.googleapis.com/auth/firebase","https://www.googleapis.com/auth/cloud-platform"]
[debug] [2021-05-12T20:44:09.241Z] > authorizing via signed-in user (priyankrastogi14@gmail.com)
[info] 
     ######## #### ########  ######## ########     ###     ######  ########
     ##        ##  ##     ## ##       ##     ##  ##   ##  ##       ##
     ######    ##  ########  ######   ########  #########  ######  ######
     ##        ##  ##    ##  ##       ##     ## ##     ##       ## ##
     ##       #### ##     ## ######## ########  ##     ##  ######  ########

You're about to initialize a Firebase project in this directory:

  /home/priyankrastogi/Desktop/movie-app

[info] 
=== Project Setup
[info] 
[info] First, let's associate this project directory with a Firebase project.
[info] You can create multiple project aliases by running firebase use --add, 
[info] but for now we'll just set up a default project.
[info] 
[debug] [2021-05-12T20:44:51.565Z] > refreshing access token with scopes: []
[debug] [2021-05-12T20:44:51.567Z] >>> HTTP REQUEST POST https://www.googleapis.com/oauth2/v3/token  
 <request body omitted>
[debug] [2021-05-12T20:44:51.963Z] <<< HTTP RESPONSE 200 {"pragma":"no-cache","cache-control":"no-cache, no-store, max-age=0, must-revalidate","date":"Wed, 12 May 2021 20:44:51 GMT","expires":"Mon, 01 Jan 1990 00:00:00 GMT","content-type":"application/json; charset=utf-8","vary":"X-Origin, Referer, Origin,Accept-Encoding","server":"scaffolding on HTTPServer2","x-xss-protection":"0","x-frame-options":"SAMEORIGIN","x-content-type-options":"nosniff","alt-svc":"h3-29=\":443\"; ma=2592000,h3-T051=\":443\"; ma=2592000,h3-Q050=\":443\"; ma=2592000,h3-Q046=\":443\"; ma=2592000,h3-Q043=\":443\"; ma=2592000,quic=\":443\"; ma=2592000; v=\"46,43\"","accept-ranges":"none","transfer-encoding":"chunked"}
[debug] [2021-05-12T20:44:52.059Z] >>> [apiv2][query] GET https://firebase.googleapis.com/v1beta1/projects pageSize=100
[debug] [2021-05-12T20:44:52.801Z] <<< [apiv2][status] GET https://firebase.googleapis.com/v1beta1/projects 200
[debug] [2021-05-12T20:44:52.802Z] <<< [apiv2][body] GET https://firebase.googleapis.com/v1beta1/projects [omitted]
[info] i  Using project mishlist-4be43 (Mishlist) 
[info] 
=== Database Setup
[info] i  database: ensuring required API firebasedatabase.googleapis.com is enabled... 
[debug] [2021-05-12T20:44:55.018Z] > refreshing access token with scopes: ["email","https://www.googleapis.com/auth/cloud-platform","https://www.googleapis.com/auth/cloudplatformprojects.readonly","https://www.googleapis.com/auth/firebase","openid"]
[debug] [2021-05-12T20:44:55.019Z] >>> HTTP REQUEST POST https://www.googleapis.com/oauth2/v3/token  
 <request body omitted>
[debug] [2021-05-12T20:44:55.330Z] <<< HTTP RESPONSE 200 {"date":"Wed, 12 May 2021 20:44:55 GMT","pragma":"no-cache","expires":"Mon, 01 Jan 1990 00:00:00 GMT","cache-control":"no-cache, no-store, max-age=0, must-revalidate","content-type":"application/json; charset=utf-8","vary":"X-Origin, Referer, Origin,Accept-Encoding","server":"scaffolding on HTTPServer2","x-xss-protection":"0","x-frame-options":"SAMEORIGIN","x-content-type-options":"nosniff","alt-svc":"h3-29=\":443\"; ma=2592000,h3-T051=\":443\"; ma=2592000,h3-Q050=\":443\"; ma=2592000,h3-Q046=\":443\"; ma=2592000,h3-Q043=\":443\"; ma=2592000,quic=\":443\"; ma=2592000; v=\"46,43\"","accept-ranges":"none","transfer-encoding":"chunked"}
[debug] [2021-05-12T20:44:55.445Z] >>> HTTP REQUEST GET https://serviceusage.googleapis.com/v1/projects/mishlist-4be43/services/firebasedatabase.googleapis.com  
 
[debug] [2021-05-12T20:44:57.427Z] <<< HTTP RESPONSE 200 {"content-type":"application/json; charset=UTF-8","vary":"X-Origin, Referer, Origin,Accept-Encoding","date":"Wed, 12 May 2021 20:44:57 GMT","server":"ESF","cache-control":"private","x-xss-protection":"0","x-frame-options":"SAMEORIGIN","x-content-type-options":"nosniff","alt-svc":"h3-29=\":443\"; ma=2592000,h3-T051=\":443\"; ma=2592000,h3-Q050=\":443\"; ma=2592000,h3-Q046=\":443\"; ma=2592000,h3-Q043=\":443\"; ma=2592000,quic=\":443\"; ma=2592000; v=\"46,43\"","accept-ranges":"none","transfer-encoding":"chunked"}
[warn] ⚠  database: missing required API firebasedatabase.googleapis.com. Enabling now... 
[debug] [2021-05-12T20:44:57.431Z] >>> HTTP REQUEST POST https://serviceusage.googleapis.com/v1/projects/mishlist-4be43/services/firebasedatabase.googleapis.com:enable  
 
[debug] [2021-05-12T20:44:59.875Z] <<< HTTP RESPONSE 200 {"content-type":"application/json; charset=UTF-8","vary":"X-Origin, Referer, Origin,Accept-Encoding","date":"Wed, 12 May 2021 20:44:59 GMT","server":"ESF","cache-control":"private","x-xss-protection":"0","x-frame-options":"SAMEORIGIN","x-content-type-options":"nosniff","alt-svc":"h3-29=\":443\"; ma=2592000,h3-T051=\":443\"; ma=2592000,h3-Q050=\":443\"; ma=2592000,h3-Q046=\":443\"; ma=2592000,h3-Q043=\":443\"; ma=2592000,quic=\":443\"; ma=2592000; v=\"46,43\"","accept-ranges":"none","transfer-encoding":"chunked"}
[debug] [2021-05-12T20:45:09.890Z] >>> HTTP REQUEST GET https://serviceusage.googleapis.com/v1/projects/mishlist-4be43/services/firebasedatabase.googleapis.com  
 
[debug] [2021-05-12T20:45:11.986Z] <<< HTTP RESPONSE 200 {"content-type":"application/json; charset=UTF-8","vary":"X-Origin, Referer, Origin,Accept-Encoding","date":"Wed, 12 May 2021 20:45:11 GMT","server":"ESF","cache-control":"private","x-xss-protection":"0","x-frame-options":"SAMEORIGIN","x-content-type-options":"nosniff","alt-svc":"h3-29=\":443\"; ma=2592000,h3-T051=\":443\"; ma=2592000,h3-Q050=\":443\"; ma=2592000,h3-Q046=\":443\"; ma=2592000,h3-Q043=\":443\"; ma=2592000,quic=\":443\"; ma=2592000; v=\"46,43\"","accept-ranges":"none","transfer-encoding":"chunked"}
[info] ✔  database: required API firebasedatabase.googleapis.com is enabled 
[info] 
[debug] [2021-05-12T20:45:11.996Z] > refreshing access token with scopes: []
[debug] [2021-05-12T20:45:11.997Z] >>> HTTP REQUEST POST https://www.googleapis.com/oauth2/v3/token  
 <request body omitted>
[debug] [2021-05-12T20:45:12.301Z] <<< HTTP RESPONSE 200 {"date":"Wed, 12 May 2021 20:45:12 GMT","pragma":"no-cache","expires":"Mon, 01 Jan 1990 00:00:00 GMT","cache-control":"no-cache, no-store, max-age=0, must-revalidate","content-type":"application/json; charset=utf-8","vary":"X-Origin, Referer, Origin,Accept-Encoding","server":"scaffolding on HTTPServer2","x-xss-protection":"0","x-frame-options":"SAMEORIGIN","x-content-type-options":"nosniff","alt-svc":"h3-29=\":443\"; ma=2592000,h3-T051=\":443\"; ma=2592000,h3-Q050=\":443\"; ma=2592000,h3-Q046=\":443\"; ma=2592000,h3-Q043=\":443\"; ma=2592000,quic=\":443\"; ma=2592000; v=\"46,43\"","accept-ranges":"none","transfer-encoding":"chunked"}
[debug] [2021-05-12T20:45:12.467Z] >>> [apiv2][query] GET https://firebase.googleapis.com/v1beta1/projects/mishlist-4be43 [none]
[debug] [2021-05-12T20:45:13.257Z] <<< [apiv2][status] GET https://firebase.googleapis.com/v1beta1/projects/mishlist-4be43 200
[debug] [2021-05-12T20:45:13.258Z] <<< [apiv2][body] GET https://firebase.googleapis.com/v1beta1/projects/mishlist-4be43 {"projectId":"mishlist-4be43","projectNumber":"875864244857","displayName":"Mishlist","name":"projects/mishlist-4be43","resources":{"hostingSite":"mishlist-4be43"},"state":"ACTIVE"}
[debug] [2021-05-12T20:45:46.719Z] > refreshing access token with scopes: ["email","https://www.googleapis.com/auth/cloud-platform","https://www.googleapis.com/auth/cloudplatformprojects.readonly","https://www.googleapis.com/auth/firebase","openid"]
[debug] [2021-05-12T20:45:46.720Z] >>> HTTP REQUEST POST https://www.googleapis.com/oauth2/v3/token  
 <request body omitted>
[debug] [2021-05-12T20:45:47.014Z] <<< HTTP RESPONSE 200 {"cache-control":"no-cache, no-store, max-age=0, must-revalidate","pragma":"no-cache","expires":"Mon, 01 Jan 1990 00:00:00 GMT","date":"Wed, 12 May 2021 20:45:46 GMT","content-type":"application/json; charset=utf-8","vary":"X-Origin, Referer, Origin,Accept-Encoding","server":"scaffolding on HTTPServer2","x-xss-protection":"0","x-frame-options":"SAMEORIGIN","x-content-type-options":"nosniff","alt-svc":"h3-29=\":443\"; ma=2592000,h3-T051=\":443\"; ma=2592000,h3-Q050=\":443\"; ma=2592000,h3-Q046=\":443\"; ma=2592000,h3-Q043=\":443\"; ma=2592000,quic=\":443\"; ma=2592000; v=\"46,43\"","accept-ranges":"none","transfer-encoding":"chunked"}
[debug] [2021-05-12T20:45:47.094Z] >>> HTTP REQUEST POST https://firebasedatabase.googleapis.com/v1beta/projects/mishlist-4be43/locations/us-central1/instances?databaseId=mishlist-4be43-default-rtdb&validateOnly=true  
 {"type":"default_database"}
[debug] [2021-05-12T20:45:48.780Z] <<< HTTP RESPONSE 200 {"content-type":"application/json; charset=UTF-8","vary":"X-Origin, Referer, Origin,Accept-Encoding","date":"Wed, 12 May 2021 20:45:48 GMT","server":"ESF","cache-control":"private","x-xss-protection":"0","x-frame-options":"SAMEORIGIN","x-content-type-options":"nosniff","alt-svc":"h3-29=\":443\"; ma=2592000,h3-T051=\":443\"; ma=2592000,h3-Q050=\":443\"; ma=2592000,h3-Q046=\":443\"; ma=2592000,h3-Q043=\":443\"; ma=2592000,quic=\":443\"; ma=2592000; v=\"46,43\"","accept-ranges":"none","transfer-encoding":"chunked"}
[debug] [2021-05-12T20:45:48.788Z] >>> HTTP REQUEST POST https://firebasedatabase.googleapis.com/v1beta/projects/mishlist-4be43/locations/us-central1/instances?databaseId=mishlist-4be43-default-rtdb  
 {"type":"default_database"}
[debug] [2021-05-12T20:45:51.972Z] <<< HTTP RESPONSE 200 {"content-type":"application/json; charset=UTF-8","vary":"X-Origin, Referer, Origin,Accept-Encoding","date":"Wed, 12 May 2021 20:45:51 GMT","server":"ESF","cache-control":"private","x-xss-protection":"0","x-frame-options":"SAMEORIGIN","x-content-type-options":"nosniff","alt-svc":"h3-29=\":443\"; ma=2592000,h3-T051=\":443\"; ma=2592000,h3-Q050=\":443\"; ma=2592000,h3-Q046=\":443\"; ma=2592000,h3-Q043=\":443\"; ma=2592000,quic=\":443\"; ma=2592000; v=\"46,43\"","accept-ranges":"none","transfer-encoding":"chunked"}
[info] 
[info] Firebase Realtime Database Security Rules allow you to define how your data should be
[info] structured and when your data can be read from and written to.
[info] 
[debug] [2021-05-12T20:45:56.104Z] >>> HTTP REQUEST GET https://mishlist-4be43-default-rtdb.firebaseio.com/.settings/rules.json  
 
[debug] [2021-05-12T20:45:58.775Z] <<< HTTP RESPONSE 200 {"server":"nginx","date":"Wed, 12 May 2021 20:45:58 GMT","content-type":"application/json; charset=utf-8","content-length":"161","connection":"keep-alive","access-control-allow-origin":"*","cache-control":"no-cache","strict-transport-security":"max-age=31556926; includeSubDomains; preload"}
[info] ✔  Database Rules for mishlist-4be43-default-rtdb have been written to database.rules.json. 
[info] Future modifications to database.rules.json will update Realtime Database Security Rules when you run
[info] firebase deploy.
[info] 
=== Hosting Setup
[info] 
[info] Your public directory is the folder (relative to your project directory) that
[info] will contain Hosting assets to be uploaded with firebase deploy. If you
[info] have a build process for your assets, use your build's output directory.
[info] 
[debug] [2021-05-12T20:47:52.393Z] >>> [apiv2][query] GET https://www.gstatic.com/firebasejs/releases.json [none]
[debug] [2021-05-12T20:47:52.724Z] <<< [apiv2][status] GET https://www.gstatic.com/firebasejs/releases.json 200
[debug] [2021-05-12T20:47:52.725Z] <<< [apiv2][body] GET https://www.gstatic.com/firebasejs/releases.json {"current":{"version":"8.6.0","browserURL":"https://www.gstatic.com/firebasejs/8.6.0/firebase.js","packageURL":"https://www.gstatic.com/firebasejs/8.6.0/firebase.tgz"},"live":{"version":"8.6","browserURL":"https://www.gstatic.com/firebasejs/live/8.6/firebase.js","packageURL":"https://www.gstatic.com/firebasejs/live/8.6/firebase.tgz"},"components":{"analytics":"https://www.gstatic.com/firebasejs/8.6.0/firebase-analytics.js","app":"https://www.gstatic.com/firebasejs/8.6.0/firebase-app.js","app-check":"https://www.gstatic.com/firebasejs/8.6.0/firebase-app-check.js","auth":"https://www.gstatic.com/firebasejs/8.6.0/firebase-auth.js","database":"https://www.gstatic.com/firebasejs/8.6.0/firebase-database.js","firestore":"https://www.gstatic.com/firebasejs/8.6.0/firebase-firestore.js","functions":"https://www.gstatic.com/firebasejs/8.6.0/firebase-functions.js","installations":"https://www.gstatic.com/firebasejs/8.6.0/firebase-installations.js","messaging":"https://www.gstatic.com/firebasejs/8.6.0/firebase-messaging.js","storage":"https://www.gstatic.com/firebasejs/8.6.0/firebase-storage.js","performance":"https://www.gstatic.com/firebasejs/8.6.0/firebase-performance.js","remote-config":"https://www.gstatic.com/firebasejs/8.6.0/firebase-remote-config.js","firestore.memory":"https://www.gstatic.com/firebasejs/8.6.0/firebase-firestore.memory.js"}}
[info] ✔  Wrote dist/Mishlist/index.html 
[info] 
[info] i  Detected a .git folder at /home/priyankrastogi/Desktop/movie-app 
[info] i  Authorizing with GitHub to upload your service account to a GitHub repository's secrets store. 
[info] 
[info] Visit this URL on this device to log in:
[info] https://github.com/login/oauth/authorize?client_id=89cf50f02ac6aaed3484&state=719296810&redirect_uri=http%3A%2F%2Flocalhost%3A9005&scope=read%3Auser%20repo%20public_repo
[info] 
[info] Waiting for authentication...
[debug] [2021-05-12T20:48:35.380Z] >>> HTTP REQUEST POST https://github.com/login/oauth/access_token  
 {"client_id":"89cf50f02ac6aaed3484","client_secret":"3330d14abc895d9a74d5f17cd7a00711fa2c5bf0","code":"ee9f4f88ebf12c296a54","redirect_uri":"http://localhost:9005","state":"719296810"}
[debug] [2021-05-12T20:48:35.892Z] <<< HTTP RESPONSE 200 {"server":"GitHub.com","date":"Wed, 12 May 2021 20:48:35 GMT","content-type":"application/json; charset=utf-8","transfer-encoding":"chunked","vary":"X-PJAX, Accept-Encoding, Accept, X-Requested-With","permissions-policy":"interest-cohort=()","etag":"W/\"571b6de8212bad85e78373eadb8cbe94\"","cache-control":"max-age=0, private, must-revalidate","strict-transport-security":"max-age=31536000; includeSubdomains; preload","x-frame-options":"deny","x-content-type-options":"nosniff","x-xss-protection":"0","referrer-policy":"origin-when-cross-origin, strict-origin-when-cross-origin","expect-ct":"max-age=2592000, report-uri=\"https://api.github.com/_private/browser/errors\"","content-security-policy":"default-src 'none'; base-uri 'self'; block-all-mixed-content; connect-src 'self' uploads.github.com www.githubstatus.com collector.githubapp.com api.github.com github-cloud.s3.amazonaws.com github-production-repository-file-5c1aeb.s3.amazonaws.com github-production-upload-manifest-file-7fdce7.s3.amazonaws.com github-production-user-asset-6210df.s3.amazonaws.com cdn.optimizely.com logx.optimizely.com/v1/events wss://alive.github.com; font-src github.githubassets.com; form-action 'self' github.com gist.github.com; frame-ancestors 'none'; frame-src render.githubusercontent.com; img-src 'self' data: github.githubassets.com identicons.github.com collector.githubapp.com github-cloud.s3.amazonaws.com secured-user-images.githubusercontent.com/ *.githubusercontent.com; manifest-src 'self'; media-src 'none'; script-src github.githubassets.com; style-src 'unsafe-inline' github.githubassets.com; worker-src github.com/socket-worker-3f088aa2.js gist.github.com/socket-worker-3f088aa2.js","x-github-request-id":"2517:5688:9E6AA9:C52AE1:609C3F23"}
[debug] [2021-05-12T20:48:36.087Z] >>> [apiv2][query] GET https://api.github.com/user [none]
[debug] [2021-05-12T20:48:36.775Z] <<< [apiv2][status] GET https://api.github.com/user 200
[debug] [2021-05-12T20:48:36.776Z] <<< [apiv2][body] GET https://api.github.com/user {"login":"Priyankcoder","id":39910453,"node_id":"MDQ6VXNlcjM5OTEwNDUz","avatar_url":"https://avatars.githubusercontent.com/u/39910453?v=4","gravatar_id":"","url":"https://api.github.com/users/Priyankcoder","html_url":"https://github.com/Priyankcoder","followers_url":"https://api.github.com/users/Priyankcoder/followers","following_url":"https://api.github.com/users/Priyankcoder/following{/other_user}","gists_url":"https://api.github.com/users/Priyankcoder/gists{/gist_id}","starred_url":"https://api.github.com/users/Priyankcoder/starred{/owner}{/repo}","subscriptions_url":"https://api.github.com/users/Priyankcoder/subscriptions","organizations_url":"https://api.github.com/users/Priyankcoder/orgs","repos_url":"https://api.github.com/users/Priyankcoder/repos","events_url":"https://api.github.com/users/Priyankcoder/events{/privacy}","received_events_url":"https://api.github.com/users/Priyankcoder/received_events","type":"User","site_admin":false,"name":"Priyank Rastogi","company":null,"blog":"priyankcoder.github.io","location":"New Delhi","email":"priyankrastogi14@gmail.com","hireable":null,"bio":"\r\n    Problem Solver | Competitive Programmer\r\n\r\n\r\n","twitter_username":null,"public_repos":38,"public_gists":0,"followers":11,"following":20,"created_at":"2018-06-04T12:43:42Z","updated_at":"2021-05-12T20:48:34Z","private_gists":0,"total_private_repos":6,"owned_private_repos":5,"disk_usage":73928,"collaborators":2,"two_factor_authentication":false,"plan":{"name":"pro","space":976562499,"collaborators":0,"private_repos":9999}}
[info] 
[info] ✔  Success! Logged into GitHub as Priyankcoder 
[info] 
